<?xml version="1.0" encoding="UTF-8"?>
<testng-results ignored="0" total="1" passed="1" failed="0" skipped="0">
  <reporter-output>
  </reporter-output>
  <suite started-at="2024-09-25T11:21:15 IST" name="Suite" finished-at="2024-09-25T11:21:25 IST" duration-ms="10191">
    <groups>
      <group name="Regression">
        <method signature="TC005_HappyPath_IphoneAdd_Test.addIphoneToCart()[pri:0, instance:testCases.TC005_HappyPath_IphoneAdd_Test@6ad3381f]" name="addIphoneToCart" class="testCases.TC005_HappyPath_IphoneAdd_Test"/>
      </group> <!-- Regression -->
    </groups>
    <test started-at="2024-09-25T11:21:15 IST" name="Test" finished-at="2024-09-25T11:21:25 IST" duration-ms="10191">
      <class name="testCases.TC005_HappyPath_IphoneAdd_Test">
        <test-method is-config="true" signature="setup(java.lang.String,java.lang.String)[pri:0, instance:testCases.TC005_HappyPath_IphoneAdd_Test@6ad3381f]" started-at="2024-09-25T11:21:15 IST" name="setup" finished-at="2024-09-25T11:21:19 IST" duration-ms="4104" status="PASS">
          <params>
            <param index="0">
              <value>
                <![CDATA[Windows]]>
              </value>
            </param>
            <param index="1">
              <value>
                <![CDATA[Chrome]]>
              </value>
            </param>
          </params>
          <reporter-output>
          </reporter-output>
        </test-method> <!-- setup -->
        <test-method signature="addIphoneToCart()[pri:0, instance:testCases.TC005_HappyPath_IphoneAdd_Test@6ad3381f]" started-at="2024-09-25T11:21:19 IST" name="addIphoneToCart" finished-at="2024-09-25T11:21:24 IST" duration-ms="5394" status="PASS">
          <reporter-output>
          </reporter-output>
        </test-method> <!-- addIphoneToCart -->
        <test-method is-config="true" signature="teardown()[pri:0, instance:testCases.TC005_HappyPath_IphoneAdd_Test@6ad3381f]" started-at="2024-09-25T11:21:24 IST" name="teardown" finished-at="2024-09-25T11:21:25 IST" duration-ms="332" status="PASS">
          <reporter-output>
          </reporter-output>
        </test-method> <!-- teardown -->
      </class> <!-- testCases.TC005_HappyPath_IphoneAdd_Test -->
    </test> <!-- Test -->
  </suite> <!-- Suite -->
</testng-results>
