<?xml version="1.0" encoding="UTF-8"?>
<testng-results ignored="0" total="1" passed="1" failed="0" skipped="0">
  <reporter-output>
  </reporter-output>
  <suite started-at="2024-09-23T19:44:07 IST" name="Suite" finished-at="2024-09-23T19:44:18 IST" duration-ms="10424">
    <groups>
    </groups>
    <test started-at="2024-09-23T19:44:07 IST" name="Test" finished-at="2024-09-23T19:44:18 IST" duration-ms="10424">
      <class name="testCases.TC004_Components_addMonitorPage">
        <test-method is-config="true" signature="setup(java.lang.String,java.lang.String)[pri:0, instance:testCases.TC004_Components_addMonitorPage@db57326]" started-at="2024-09-23T19:44:08 IST" name="setup" finished-at="2024-09-23T19:44:11 IST" duration-ms="3416" status="PASS">
          <params>
            <param index="0">
              <value>
                <![CDATA[Windows]]>
              </value>
            </param>
            <param index="1">
              <value>
                <![CDATA[Chrome]]>
              </value>
            </param>
          </params>
          <reporter-output>
          </reporter-output>
        </test-method> <!-- setup -->
        <test-method signature="verifyAddMonitorTest()[pri:0, instance:testCases.TC004_Components_addMonitorPage@db57326]" started-at="2024-09-23T19:44:11 IST" name="verifyAddMonitorTest" finished-at="2024-09-23T19:44:17 IST" duration-ms="6493" status="PASS">
          <reporter-output>
          </reporter-output>
        </test-method> <!-- verifyAddMonitorTest -->
        <test-method is-config="true" signature="teardown()[pri:0, instance:testCases.TC004_Components_addMonitorPage@db57326]" started-at="2024-09-23T19:44:17 IST" name="teardown" finished-at="2024-09-23T19:44:18 IST" duration-ms="264" status="PASS">
          <reporter-output>
          </reporter-output>
        </test-method> <!-- teardown -->
      </class> <!-- testCases.TC004_Components_addMonitorPage -->
    </test> <!-- Test -->
  </suite> <!-- Suite -->
</testng-results>
